<?xml version="1.0" encoding="UTF-8"?>
<testng-results skipped="0" failed="0" ignored="0" total="1" passed="1">
  <reporter-output>
    <line>
      <![CDATA[Login Action is successfully perfomred]]>
    </line>
  </reporter-output>
  <suite name="Suite" duration-ms="113376" started-at="2018-10-26T12:07:32Z" finished-at="2018-10-26T12:09:25Z">
    <groups>
    </groups>
    <test name="Test" duration-ms="113376" started-at="2018-10-26T12:07:32Z" finished-at="2018-10-26T12:09:25Z">
      <class name="HumonicsQA.HumonicsChatBot.LoginTest">
        <test-method status="PASS" signature="beforeMethod()[pri:0, instance:HumonicsQA.HumonicsChatBot.LoginTest@598067a5]" name="beforeMethod" is-config="true" duration-ms="10299" started-at="2018-10-26T12:07:32Z" finished-at="2018-10-26T12:07:42Z">
          <reporter-output>
          </reporter-output>
        </test-method> <!-- beforeMethod -->
        <test-method status="PASS" signature="main1()[pri:0, instance:HumonicsQA.HumonicsChatBot.LoginTest@598067a5]" name="main1" duration-ms="2510" started-at="2018-10-26T12:07:42Z" finished-at="2018-10-26T12:07:45Z">
          <reporter-output>
            <line>
              <![CDATA[Login Action is successfully perfomred]]>
            </line>
          </reporter-output>
        </test-method> <!-- main1 -->
        <test-method status="PASS" signature="afterMethod()[pri:0, instance:HumonicsQA.HumonicsChatBot.LoginTest@598067a5]" name="afterMethod" is-config="true" duration-ms="100541" started-at="2018-10-26T12:07:45Z" finished-at="2018-10-26T12:09:25Z">
          <reporter-output>
          </reporter-output>
        </test-method> <!-- afterMethod -->
      </class> <!-- HumonicsQA.HumonicsChatBot.LoginTest -->
    </test> <!-- Test -->
  </suite> <!-- Suite -->
</testng-results>
